<?xml version="1.0" encoding="UTF-8"?>
<!-- Generated by org.testng.reporters.JUnitXMLReporter -->
<testsuite hostname="KI-DW-Anand" name="Animal Adoption Dashboard Test" tests="5" failures="0" timestamp="13 Jul 2019 10:42:01 GMT" time="146.223" errors="0">
  <testcase name="languageconvert" time="30.288" classname="com.kambaa.aazp.Test.AnimalAdoptedPageTest"/>
  <testcase name="checkwithoutselectanimalcheckbox" time="10.392" classname="com.kambaa.aazp.Test.AnimalAdoptedPageTest"/>
  <testcase name="checkwithoutselectmonthandyear" time="8.314" classname="com.kambaa.aazp.Test.AnimalAdoptedPageTest"/>
  <testcase name="checkamount" time="11.726" classname="com.kambaa.aazp.Test.AnimalAdoptedPageTest"/>
  <testcase name="checksuccessfulpay" time="34.947" classname="com.kambaa.aazp.Test.AnimalAdoptedPageTest"/>
</testsuite> <!-- Animal Adoption Dashboard Test -->
