<?xml version="1.0" encoding="UTF-8"?>
<!-- Generated by org.testng.reporters.JUnitXMLReporter -->
<testsuite hostname="KI-DW-Anand" name="Loginpage Test" tests="4" failures="0" timestamp="13 Jul 2019 10:39:35 GMT" time="86.317" errors="0">
  <testcase name="invalidemail" time="2.913" classname="com.kambaa.aazp.Test.LoginpageTest"/>
  <testcase name="invalidpwd" time="15.392" classname="com.kambaa.aazp.Test.LoginpageTest"/>
  <testcase name="bothcorrect" time="24.808" classname="com.kambaa.aazp.Test.LoginpageTest"/>
  <testcase name="bothinvalid" time="2.593" classname="com.kambaa.aazp.Test.LoginpageTest"/>
</testsuite> <!-- Loginpage Test -->
