<?xml version="1.0" encoding="UTF-8"?>
<!-- Generated by org.testng.reporters.JUnitXMLReporter -->
<testsuite hostname="KI-DW-Anand" name="Myprofilepage Test" tests="4" failures="0" timestamp="13 Jul 2019 10:45:49 GMT" time="227.766" errors="0">
  <testcase name="withoutenteraddress" time="93.93" classname="com.kambaa.aazp.Test.MyprofilepageTest"/>
  <testcase name="withoutselectstate" time="69.574" classname="com.kambaa.aazp.Test.MyprofilepageTest"/>
  <testcase name="withoutenterpincode" time="7.702" classname="com.kambaa.aazp.Test.MyprofilepageTest"/>
  <testcase name="myprofileeditsuccess" time="9.331" classname="com.kambaa.aazp.Test.MyprofilepageTest"/>
</testsuite> <!-- Myprofilepage Test -->
