<?xml version="1.0" encoding="UTF-8"?>
<testng-results skipped="0" failed="0" total="18" passed="18">
  <reporter-output>
  </reporter-output>
  <suite name="AAZP ANIMAL ADOPTION TESTING" duration-ms="841905" started-at="2019-07-13T10:36:08Z" finished-at="2019-07-13T10:50:10Z">
    <groups>
    </groups>
    <test name="Registerpage Test" duration-ms="120192" started-at="2019-07-13T10:36:08Z" finished-at="2019-07-13T10:38:08Z">
      <class name="com.kambaa.aazp.Test.RegisterpageTest">
        <test-method status="PASS" signature="initialise()[pri:0, instance:com.kambaa.aazp.Test.RegisterpageTest@71f2a7d5]" name="initialise" is-config="true" duration-ms="78585" started-at="2019-07-13T16:06:08Z" finished-at="2019-07-13T16:07:27Z">
          <reporter-output>
          </reporter-output>
        </test-method> <!-- initialise -->
        <test-method status="PASS" signature="registerpage()[pri:0, instance:com.kambaa.aazp.Test.RegisterpageTest@71f2a7d5]" name="registerpage" duration-ms="39962" started-at="2019-07-13T16:07:27Z" finished-at="2019-07-13T16:08:06Z">
          <reporter-output>
          </reporter-output>
        </test-method> <!-- registerpage -->
        <test-method status="PASS" signature="teardown()[pri:0, instance:com.kambaa.aazp.Test.RegisterpageTest@71f2a7d5]" name="teardown" is-config="true" duration-ms="1601" started-at="2019-07-13T16:08:06Z" finished-at="2019-07-13T16:08:08Z">
          <reporter-output>
          </reporter-output>
        </test-method> <!-- teardown -->
      </class> <!-- com.kambaa.aazp.Test.RegisterpageTest -->
    </test> <!-- Registerpage Test -->
    <test name="Loginpage Test" duration-ms="86317" started-at="2019-07-13T10:38:09Z" finished-at="2019-07-13T10:39:35Z">
      <class name="com.kambaa.aazp.Test.LoginpageTest">
        <test-method status="PASS" signature="initialise()[pri:0, instance:com.kambaa.aazp.Test.LoginpageTest@6ea6d14e]" name="initialise" is-config="true" duration-ms="39559" started-at="2019-07-13T16:08:09Z" finished-at="2019-07-13T16:08:48Z">
          <reporter-output>
          </reporter-output>
        </test-method> <!-- initialise -->
        <test-method status="PASS" signature="invalidemail(java.lang.String, java.lang.String)[pri:0, instance:com.kambaa.aazp.Test.LoginpageTest@6ea6d14e]" name="invalidemail" duration-ms="2913" started-at="2019-07-13T16:08:48Z" finished-at="2019-07-13T16:08:51Z">
          <params>
            <param index="0">
              <value>
                <![CDATA[DEMO@kambaa.com]]>
              </value>
            </param>
            <param index="1">
              <value>
                <![CDATA[1234]]>
              </value>
            </param>
          </params>
          <reporter-output>
          </reporter-output>
        </test-method> <!-- invalidemail -->
        <test-method status="PASS" signature="invalidpwd(java.lang.String, java.lang.String)[pri:1, instance:com.kambaa.aazp.Test.LoginpageTest@6ea6d14e]" name="invalidpwd" duration-ms="15392" started-at="2019-07-13T16:08:51Z" finished-at="2019-07-13T16:09:06Z">
          <params>
            <param index="0">
              <value>
                <![CDATA[demo@kambaa.com]]>
              </value>
            </param>
            <param index="1">
              <value>
                <![CDATA[3234]]>
              </value>
            </param>
          </params>
          <reporter-output>
          </reporter-output>
        </test-method> <!-- invalidpwd -->
        <test-method status="PASS" signature="bothcorrect(java.lang.String, java.lang.String)[pri:2, instance:com.kambaa.aazp.Test.LoginpageTest@6ea6d14e]" name="bothcorrect" duration-ms="24808" started-at="2019-07-13T16:09:06Z" finished-at="2019-07-13T16:09:31Z">
          <params>
            <param index="0">
              <value>
                <![CDATA[demo@kambaa.com]]>
              </value>
            </param>
            <param index="1">
              <value>
                <![CDATA[1234]]>
              </value>
            </param>
          </params>
          <reporter-output>
          </reporter-output>
        </test-method> <!-- bothcorrect -->
        <test-method status="PASS" signature="bothinvalid(java.lang.String, java.lang.String)[pri:3, instance:com.kambaa.aazp.Test.LoginpageTest@6ea6d14e]" name="bothinvalid" duration-ms="2593" started-at="2019-07-13T16:09:31Z" finished-at="2019-07-13T16:09:34Z">
          <params>
            <param index="0">
              <value>
                <![CDATA[DEMO@kambaa.com]]>
              </value>
            </param>
            <param index="1">
              <value>
                <![CDATA[3234]]>
              </value>
            </param>
          </params>
          <reporter-output>
          </reporter-output>
        </test-method> <!-- bothinvalid -->
        <test-method status="PASS" signature="teardown()[pri:0, instance:com.kambaa.aazp.Test.LoginpageTest@6ea6d14e]" name="teardown" is-config="true" duration-ms="1033" started-at="2019-07-13T16:09:34Z" finished-at="2019-07-13T16:09:35Z">
          <reporter-output>
          </reporter-output>
        </test-method> <!-- teardown -->
      </class> <!-- com.kambaa.aazp.Test.LoginpageTest -->
    </test> <!-- Loginpage Test -->
    <test name="Animal Adoption Dashboard Test" duration-ms="146223" started-at="2019-07-13T10:39:35Z" finished-at="2019-07-13T10:42:01Z">
      <class name="com.kambaa.aazp.Test.AnimalAdoptedPageTest">
        <test-method status="PASS" signature="initialise()[pri:0, instance:com.kambaa.aazp.Test.AnimalAdoptedPageTest@1b40d5f0]" name="initialise" is-config="true" duration-ms="49387" started-at="2019-07-13T16:09:35Z" finished-at="2019-07-13T16:10:24Z">
          <reporter-output>
          </reporter-output>
        </test-method> <!-- initialise -->
        <test-method status="PASS" signature="languageconvert(java.lang.String, java.lang.String)[pri:0, instance:com.kambaa.aazp.Test.AnimalAdoptedPageTest@1b40d5f0]" name="languageconvert" duration-ms="30288" started-at="2019-07-13T16:10:24Z" finished-at="2019-07-13T16:10:55Z">
          <params>
            <param index="0">
              <value>
                <![CDATA[demo@kambaa.com]]>
              </value>
            </param>
            <param index="1">
              <value>
                <![CDATA[1234]]>
              </value>
            </param>
          </params>
          <reporter-output>
          </reporter-output>
        </test-method> <!-- languageconvert -->
        <test-method status="PASS" signature="checkwithoutselectanimalcheckbox(java.lang.String, java.lang.String)[pri:1, instance:com.kambaa.aazp.Test.AnimalAdoptedPageTest@1b40d5f0]" name="checkwithoutselectanimalcheckbox" duration-ms="10392" started-at="2019-07-13T16:10:55Z" finished-at="2019-07-13T16:11:05Z">
          <params>
            <param index="0">
              <value>
                <![CDATA[demo@kambaa.com]]>
              </value>
            </param>
            <param index="1">
              <value>
                <![CDATA[1234]]>
              </value>
            </param>
          </params>
          <reporter-output>
          </reporter-output>
        </test-method> <!-- checkwithoutselectanimalcheckbox -->
        <test-method status="PASS" signature="checkwithoutselectmonthandyear(java.lang.String, java.lang.String)[pri:2, instance:com.kambaa.aazp.Test.AnimalAdoptedPageTest@1b40d5f0]" name="checkwithoutselectmonthandyear" duration-ms="8314" started-at="2019-07-13T16:11:05Z" finished-at="2019-07-13T16:11:13Z">
          <params>
            <param index="0">
              <value>
                <![CDATA[demo@kambaa.com]]>
              </value>
            </param>
            <param index="1">
              <value>
                <![CDATA[1234]]>
              </value>
            </param>
          </params>
          <reporter-output>
          </reporter-output>
        </test-method> <!-- checkwithoutselectmonthandyear -->
        <test-method status="PASS" signature="checkamount(java.lang.String, java.lang.String)[pri:3, instance:com.kambaa.aazp.Test.AnimalAdoptedPageTest@1b40d5f0]" name="checkamount" duration-ms="11726" started-at="2019-07-13T16:11:13Z" finished-at="2019-07-13T16:11:25Z">
          <params>
            <param index="0">
              <value>
                <![CDATA[demo@kambaa.com]]>
              </value>
            </param>
            <param index="1">
              <value>
                <![CDATA[1234]]>
              </value>
            </param>
          </params>
          <reporter-output>
          </reporter-output>
        </test-method> <!-- checkamount -->
        <test-method status="PASS" signature="checksuccessfulpay(java.lang.String, java.lang.String)[pri:4, instance:com.kambaa.aazp.Test.AnimalAdoptedPageTest@1b40d5f0]" name="checksuccessfulpay" duration-ms="34947" started-at="2019-07-13T16:11:25Z" finished-at="2019-07-13T16:12:00Z">
          <params>
            <param index="0">
              <value>
                <![CDATA[demo@kambaa.com]]>
              </value>
            </param>
            <param index="1">
              <value>
                <![CDATA[1234]]>
              </value>
            </param>
          </params>
          <reporter-output>
          </reporter-output>
        </test-method> <!-- checksuccessfulpay -->
        <test-method status="PASS" signature="teardown()[pri:0, instance:com.kambaa.aazp.Test.AnimalAdoptedPageTest@1b40d5f0]" name="teardown" is-config="true" duration-ms="1153" started-at="2019-07-13T16:12:00Z" finished-at="2019-07-13T16:12:01Z">
          <reporter-output>
          </reporter-output>
        </test-method> <!-- teardown -->
      </class> <!-- com.kambaa.aazp.Test.AnimalAdoptedPageTest -->
    </test> <!-- Animal Adoption Dashboard Test -->
    <test name="Myprofilepage Test" duration-ms="227766" started-at="2019-07-13T10:42:01Z" finished-at="2019-07-13T10:45:49Z">
      <class name="com.kambaa.aazp.Test.MyprofilepageTest">
        <test-method status="PASS" signature="initialise()[pri:0, instance:com.kambaa.aazp.Test.MyprofilepageTest@11531931]" name="initialise" is-config="true" duration-ms="46168" started-at="2019-07-13T16:12:01Z" finished-at="2019-07-13T16:12:47Z">
          <reporter-output>
          </reporter-output>
        </test-method> <!-- initialise -->
        <test-method status="PASS" signature="withoutenteraddress(java.lang.String, java.lang.String)[pri:0, instance:com.kambaa.aazp.Test.MyprofilepageTest@11531931]" name="withoutenteraddress" duration-ms="93930" started-at="2019-07-13T16:12:47Z" finished-at="2019-07-13T16:14:21Z">
          <params>
            <param index="0">
              <value>
                <![CDATA[demo@kambaa.com]]>
              </value>
            </param>
            <param index="1">
              <value>
                <![CDATA[1234]]>
              </value>
            </param>
          </params>
          <reporter-output>
          </reporter-output>
        </test-method> <!-- withoutenteraddress -->
        <test-method status="PASS" signature="withoutselectstate(java.lang.String, java.lang.String)[pri:1, instance:com.kambaa.aazp.Test.MyprofilepageTest@11531931]" name="withoutselectstate" duration-ms="69574" started-at="2019-07-13T16:14:21Z" finished-at="2019-07-13T16:15:31Z">
          <params>
            <param index="0">
              <value>
                <![CDATA[demo@kambaa.com]]>
              </value>
            </param>
            <param index="1">
              <value>
                <![CDATA[1234]]>
              </value>
            </param>
          </params>
          <reporter-output>
          </reporter-output>
        </test-method> <!-- withoutselectstate -->
        <test-method status="PASS" signature="withoutenterpincode(java.lang.String, java.lang.String)[pri:2, instance:com.kambaa.aazp.Test.MyprofilepageTest@11531931]" name="withoutenterpincode" duration-ms="7702" started-at="2019-07-13T16:15:31Z" finished-at="2019-07-13T16:15:39Z">
          <params>
            <param index="0">
              <value>
                <![CDATA[demo@kambaa.com]]>
              </value>
            </param>
            <param index="1">
              <value>
                <![CDATA[1234]]>
              </value>
            </param>
          </params>
          <reporter-output>
          </reporter-output>
        </test-method> <!-- withoutenterpincode -->
        <test-method status="PASS" signature="myprofileeditsuccess(java.lang.String, java.lang.String)[pri:3, instance:com.kambaa.aazp.Test.MyprofilepageTest@11531931]" name="myprofileeditsuccess" duration-ms="9331" started-at="2019-07-13T16:15:39Z" finished-at="2019-07-13T16:15:48Z">
          <params>
            <param index="0">
              <value>
                <![CDATA[demo@kambaa.com]]>
              </value>
            </param>
            <param index="1">
              <value>
                <![CDATA[1234]]>
              </value>
            </param>
          </params>
          <reporter-output>
          </reporter-output>
        </test-method> <!-- myprofileeditsuccess -->
        <test-method status="PASS" signature="teardown()[pri:0, instance:com.kambaa.aazp.Test.MyprofilepageTest@11531931]" name="teardown" is-config="true" duration-ms="1048" started-at="2019-07-13T16:15:48Z" finished-at="2019-07-13T16:15:49Z">
          <reporter-output>
          </reporter-output>
        </test-method> <!-- teardown -->
      </class> <!-- com.kambaa.aazp.Test.MyprofilepageTest -->
    </test> <!-- Myprofilepage Test -->
    <test name="Myorderpage Test" duration-ms="260680" started-at="2019-07-13T10:45:49Z" finished-at="2019-07-13T10:50:10Z">
      <class name="com.kambaa.aazp.Test.MyorderpageTest">
        <test-method status="PASS" signature="initialise()[pri:0, instance:com.kambaa.aazp.Test.MyorderpageTest@6debcae2]" name="initialise" is-config="true" duration-ms="54762" started-at="2019-07-13T16:15:49Z" finished-at="2019-07-13T16:16:44Z">
          <reporter-output>
          </reporter-output>
        </test-method> <!-- initialise -->
        <test-method status="PASS" signature="cartcount(java.lang.String, java.lang.String)[pri:0, instance:com.kambaa.aazp.Test.MyorderpageTest@6debcae2]" name="cartcount" duration-ms="139445" started-at="2019-07-13T16:16:44Z" finished-at="2019-07-13T16:19:03Z">
          <params>
            <param index="0">
              <value>
                <![CDATA[demo@kambaa.com]]>
              </value>
            </param>
            <param index="1">
              <value>
                <![CDATA[1234]]>
              </value>
            </param>
          </params>
          <reporter-output>
          </reporter-output>
        </test-method> <!-- cartcount -->
        <test-method status="PASS" signature="myorderpagehomepage(java.lang.String, java.lang.String)[pri:0, instance:com.kambaa.aazp.Test.MyorderpageTest@6debcae2]" name="myorderpagehomepage" duration-ms="55158" started-at="2019-07-13T16:19:03Z" finished-at="2019-07-13T16:19:58Z">
          <params>
            <param index="0">
              <value>
                <![CDATA[demo@kambaa.com]]>
              </value>
            </param>
            <param index="1">
              <value>
                <![CDATA[1234]]>
              </value>
            </param>
          </params>
          <reporter-output>
          </reporter-output>
        </test-method> <!-- myorderpagehomepage -->
        <test-method status="PASS" signature="navigatetobacktoanimaladoptedpage(java.lang.String, java.lang.String)[pri:1, instance:com.kambaa.aazp.Test.MyorderpageTest@6debcae2]" name="navigatetobacktoanimaladoptedpage" duration-ms="7505" started-at="2019-07-13T16:19:58Z" finished-at="2019-07-13T16:20:06Z">
          <params>
            <param index="0">
              <value>
                <![CDATA[demo@kambaa.com]]>
              </value>
            </param>
            <param index="1">
              <value>
                <![CDATA[1234]]>
              </value>
            </param>
          </params>
          <reporter-output>
          </reporter-output>
        </test-method> <!-- navigatetobacktoanimaladoptedpage -->
        <test-method status="PASS" signature="orderidcheck(java.lang.String, java.lang.String)[pri:2, instance:com.kambaa.aazp.Test.MyorderpageTest@6debcae2]" name="orderidcheck" duration-ms="2758" started-at="2019-07-13T16:20:06Z" finished-at="2019-07-13T16:20:09Z">
          <params>
            <param index="0">
              <value>
                <![CDATA[demo@kambaa.com]]>
              </value>
            </param>
            <param index="1">
              <value>
                <![CDATA[1234]]>
              </value>
            </param>
          </params>
          <reporter-output>
          </reporter-output>
        </test-method> <!-- orderidcheck -->
        <test-method status="PASS" signature="teardown()[pri:0, instance:com.kambaa.aazp.Test.MyorderpageTest@6debcae2]" name="teardown" is-config="true" duration-ms="1042" started-at="2019-07-13T16:20:09Z" finished-at="2019-07-13T16:20:10Z">
          <reporter-output>
          </reporter-output>
        </test-method> <!-- teardown -->
      </class> <!-- com.kambaa.aazp.Test.MyorderpageTest -->
    </test> <!-- Myorderpage Test -->
  </suite> <!-- AAZP ANIMAL ADOPTION TESTING -->
</testng-results>
